[2K[1G[1myarn run v1.22.22[22m
[2K[1G[2m$ eslint --report-unused-disable-directives .[22m
=============

WARNING: You are currently running a version of TypeScript which is not officially supported by @typescript-eslint/typescript-estree.

You may find that it works just fine, or you may not.

SUPPORTED TYPESCRIPT VERSIONS: >=4.7.4 <5.5.0

YOUR TYPESCRIPT VERSION: 5.5.3

Please only submit bug reports when using the officially supported version.

=============
[0m[0m
[0m[4m/Users/bmahmoud/Sync/projects/contribution/hash/blocks/person/src/app.tsx[24m[0m
[0m    [2m1:1[22m   [31merror[39m  Run autofix to sort these imports!                                                                              [2msimple-import-sort/imports[22m[0m
[0m    [2m4:8[22m   [31merror[39m  Import name `DOMPurify` must match one of the following formats: camelCase, StrictPascalCase                    [2m@typescript-eslint/naming-convention[22m[0m
[0m    [2m5:36[22m  [31merror[39m  '/Users/bmahmoud/Sync/projects/contribution/hash/node_modules/@types/react/index.d.ts' imported multiple times  [2mimport/no-duplicates[22m[0m
[0m    [2m6:33[22m  [31merror[39m  '/Users/bmahmoud/Sync/projects/contribution/hash/node_modules/@types/react/index.d.ts' imported multiple times  [2mimport/no-duplicates[22m[0m
[0m   [2m11:6[22m   [31merror[39m  Use an `interface` instead of a `type`                                                                          [2m@typescript-eslint/consistent-type-definitions[22m[0m
[0m   [2m43:9[22m   [31merror[39m  Unexpected negated condition                                                                                    [2mno-negated-condition[22m[0m
[0m   [2m55:17[22m  [31merror[39m  Need to wrap this literal in a JSX expression                                                                   [2mreact/jsx-curly-brace-presence[22m[0m
[0m   [2m60:26[22m  [31merror[39m  Refactor this code to not use nested template literals                                                          [2msonarjs/no-nested-template-literals[22m[0m
[0m   [2m61:21[22m  [31merror[39m  Need to wrap this literal in a JSX expression                                                                   [2mreact/jsx-curly-brace-presence[22m[0m
[0m   [2m65:22[22m  [31merror[39m  Need to wrap this literal in a JSX expression                                                                   [2mreact/jsx-curly-brace-presence[22m[0m
[0m   [2m66:24[22m  [31merror[39m  Need to wrap this literal in a JSX expression                                                                   [2mreact/jsx-curly-brace-presence[22m[0m
[0m   [2m69:30[22m  [31merror[39m  Refactor this code to not use nested template literals                                                          [2msonarjs/no-nested-template-literals[22m[0m
[0m   [2m70:25[22m  [31merror[39m  Need to wrap this literal in a JSX expression                                                                   [2mreact/jsx-curly-brace-presence[22m[0m
[0m   [2m75:23[22m  [31merror[39m  Need to wrap this literal in a JSX expression                                                                   [2mreact/jsx-curly-brace-presence[22m[0m
[0m   [2m81:28[22m  [31merror[39m  Need to wrap this literal in a JSX expression                                                                   [2mreact/jsx-curly-brace-presence[22m[0m
[0m   [2m82:42[22m  [31merror[39m  Need to wrap this literal in a JSX expression                                                                   [2mreact/jsx-curly-brace-presence[22m[0m
[0m   [2m91:28[22m  [31merror[39m  Need to wrap this literal in a JSX expression                                                                   [2mreact/jsx-curly-brace-presence[22m[0m
[0m   [2m93:32[22m  [31merror[39m  Need to wrap this literal in a JSX expression                                                                   [2mreact/jsx-curly-brace-presence[22m[0m
[0m  [2m101:32[22m  [31merror[39m  Need to wrap this literal in a JSX expression                                                                   [2mreact/jsx-curly-brace-presence[22m[0m
[0m[0m
[0m[4m/Users/bmahmoud/Sync/projects/contribution/hash/blocks/person/src/dev.tsx[24m[0m
[0m   [2m2:1[22m   [31merror[39m  Sentences should start with an uppercase character                                          [2mjsdoc/require-description-complete-sentence[22m[0m
[0m   [2m5:1[22m   [31merror[39m  Run autofix to sort these imports!                                                          [2msimple-import-sort/imports[22m[0m
[0m  [2m10:23[22m  [31merror[39m  Prefer `.querySelector()` over `.getElementById()`                                          [2municorn/prefer-query-selector[22m[0m
[0m  [2m23:7[22m   [31merror[39m  Fast refresh only works when a file has exports. Move your component(s) to a separate file  [2mreact-refresh/only-export-components[22m[0m
[0m  [2m32:9[22m   [31merror[39m  Shorthand props must be listed before all other props                                       [2mreact/jsx-sort-props[22m[0m
[0m  [2m38:12[22m  [31merror[39m  Forbidden non-null assertion                                                                [2m@typescript-eslint/no-non-null-assertion[22m[0m
[0m[0m
[0m[4m/Users/bmahmoud/Sync/projects/contribution/hash/blocks/person/src/icons/link-icon.tsx[24m[0m
[0m   [2m4:13[22m  [31merror[39m  Need to wrap this literal in a JSX expression  [2mreact/jsx-curly-brace-presence[22m[0m
[0m   [2m5:14[22m  [31merror[39m  Need to wrap this literal in a JSX expression  [2mreact/jsx-curly-brace-presence[22m[0m
[0m   [2m6:15[22m  [31merror[39m  Need to wrap this literal in a JSX expression  [2mreact/jsx-curly-brace-presence[22m[0m
[0m   [2m7:12[22m  [31merror[39m  Need to wrap this literal in a JSX expression  [2mreact/jsx-curly-brace-presence[22m[0m
[0m   [2m8:13[22m  [31merror[39m  Need to wrap this literal in a JSX expression  [2mreact/jsx-curly-brace-presence[22m[0m
[0m  [2m11:11[22m  [31merror[39m  Need to wrap this literal in a JSX expression  [2mreact/jsx-curly-brace-presence[22m[0m
[0m  [2m12:14[22m  [31merror[39m  Need to wrap this literal in a JSX expression  [2mreact/jsx-curly-brace-presence[22m[0m
[0m[0m
[0m[4m/Users/bmahmoud/Sync/projects/contribution/hash/blocks/person/src/icons/mail-icon.tsx[24m[0m
[0m   [2m4:13[22m  [31merror[39m  Need to wrap this literal in a JSX expression  [2mreact/jsx-curly-brace-presence[22m[0m
[0m   [2m5:14[22m  [31merror[39m  Need to wrap this literal in a JSX expression  [2mreact/jsx-curly-brace-presence[22m[0m
[0m   [2m6:15[22m  [31merror[39m  Need to wrap this literal in a JSX expression  [2mreact/jsx-curly-brace-presence[22m[0m
[0m   [2m7:12[22m  [31merror[39m  Need to wrap this literal in a JSX expression  [2mreact/jsx-curly-brace-presence[22m[0m
[0m   [2m8:13[22m  [31merror[39m  Need to wrap this literal in a JSX expression  [2mreact/jsx-curly-brace-presence[22m[0m
[0m  [2m11:11[22m  [31merror[39m  Need to wrap this literal in a JSX expression  [2mreact/jsx-curly-brace-presence[22m[0m
[0m  [2m12:14[22m  [31merror[39m  Need to wrap this literal in a JSX expression  [2mreact/jsx-curly-brace-presence[22m[0m
[0m[0m
[0m[4m/Users/bmahmoud/Sync/projects/contribution/hash/blocks/person/src/index.ts[24m[0m
[0m  [2m1:1[22m  [31merror[39m  Definition for rule 'canonical/filename-no-index' was not found  [2mcanonical/filename-no-index[22m[0m
[0m  [2m8:1[22m  [31merror[39m  Use `export…from` to re-export `default`                         [2municorn/prefer-export-from[22m[0m
[0m[0m
[0m[31m[1m✖ 41 problems (41 errors, 0 warnings)[22m[39m[0m
[0m[31m[1m[22m[39m[31m[1m  33 errors and 0 warnings potentially fixable with the `--fix` option.[22m[39m[0m
[0m[31m[1m[22m[39m[0m
[2K[1G[31merror[39m Command failed with exit code 1.
[2K[1G[34minfo[39m Visit [1mhttps://yarnpkg.com/en/docs/cli/run[22m for documentation about this command.
