[2K[1G[1myarn run v1.22.22[22m
[2K[1G[2m$ eslint --report-unused-disable-directives .[22m
=============

WARNING: You are currently running a version of TypeScript which is not officially supported by @typescript-eslint/typescript-estree.

You may find that it works just fine, or you may not.

SUPPORTED TYPESCRIPT VERSIONS: >=4.7.4 <5.5.0

YOUR TYPESCRIPT VERSION: 5.5.3

Please only submit bug reports when using the officially supported version.

=============
[0m[0m
[0m[4m/Users/bmahmoud/Sync/projects/contribution/hash/blocks/embed/src/app.tsx[24m[0m
[0m    [2m1:1[22m   [31merror[39m  Run autofix to sort these imports!                                                                                  [2msimple-import-sort/imports[22m[0m
[0m    [2m3:30[22m  [31merror[39m  '/Users/bmahmoud/Sync/projects/contribution/hash/node_modules/@types/react/index.d.ts' imported multiple times      [2mimport/no-duplicates[22m[0m
[0m   [2m10:8[22m   [31merror[39m  '/Users/bmahmoud/Sync/projects/contribution/hash/node_modules/@types/react/index.d.ts' imported multiple times      [2mimport/no-duplicates[22m[0m
[0m   [2m27:6[22m   [31merror[39m  Use an `interface` instead of a `type`                                                                              [2m@typescript-eslint/consistent-type-definitions[22m[0m
[0m   [2m63:5[22m   [31merror[39m  Missing braces in case clause                                                                                       [2municorn/switch-case-braces[22m[0m
[0m   [2m69:5[22m   [31merror[39m  Missing braces in case clause                                                                                       [2municorn/switch-case-braces[22m[0m
[0m   [2m76:5[22m   [31merror[39m  Missing braces in case clause                                                                                       [2municorn/switch-case-braces[22m[0m
[0m  [2m153:11[22m  [31merror[39m  Expected blank line before this statement                                                                           [2m@stylistic/padding-line-between-statements[22m[0m
[0m  [2m192:5[22m   [31merror[39m  Returning a void expression from an arrow function shorthand is forbidden. Please add braces to the arrow function  [2m@typescript-eslint/no-confusing-void-expression[22m[0m
[0m  [2m195:32[22m  [31merror[39m  Expected { after 'if' condition                                                                                     [2mcurly[22m[0m
[0m  [2m254:14[22m  [31merror[39m  Returning a void expression from a function is forbidden. Please move it before the `return` statement              [2m@typescript-eslint/no-confusing-void-expression[22m[0m
[0m  [2m295:7[22m   [31merror[39m  Expected blank line before this statement                                                                           [2m@stylistic/padding-line-between-statements[22m[0m
[0m  [2m303:11[22m  [31merror[39m  Callbacks must be listed after all other props                                                                      [2mreact/jsx-sort-props[22m[0m
[0m  [2m306:13[22m  [31merror[39m  Returning a void expression from an arrow function shorthand is forbidden. Please add braces to the arrow function  [2m@typescript-eslint/no-confusing-void-expression[22m[0m
[0m  [2m313:7[22m   [31merror[39m  use `Boolean(embedType)` instead                                                                                    [2mno-implicit-coercion[22m[0m
[0m  [2m316:7[22m   [31merror[39m  use `Boolean(embedType)` instead                                                                                    [2mno-implicit-coercion[22m[0m
[0m  [2m339:22[22m  [31merror[39m  Need to wrap this literal in a JSX expression                                                                       [2mreact/jsx-curly-brace-presence[22m[0m
[0m  [2m340:11[22m  [31merror[39m  Callbacks must be listed after all other props                                                                      [2mreact/jsx-sort-props[22m[0m
[0m  [2m341:16[22m  [31merror[39m  Need to wrap this literal in a JSX expression                                                                       [2mreact/jsx-curly-brace-presence[22m[0m
[0m[0m
[0m[4m/Users/bmahmoud/Sync/projects/contribution/hash/blocks/embed/src/components/edit-view.tsx[24m[0m
[0m   [2m1:1[22m   [31merror[39m  Run autofix to sort these imports!                                                                                  [2msimple-import-sort/imports[22m[0m
[0m   [2m7:6[22m   [31merror[39m  Use an `interface` instead of a `type`                                                                              [2m@typescript-eslint/consistent-type-definitions[22m[0m
[0m  [2m41:16[22m  [31merror[39m  Need to wrap this literal in a JSX expression                                                                       [2mreact/jsx-curly-brace-presence[22m[0m
[0m  [2m48:24[22m  [31merror[39m  Need to wrap this literal in a JSX expression                                                                       [2mreact/jsx-curly-brace-presence[22m[0m
[0m  [2m49:13[22m  [31merror[39m  Callbacks must be listed after all other props                                                                      [2mreact/jsx-sort-props[22m[0m
[0m  [2m49:28[22m  [31merror[39m  Returning a void expression from an arrow function shorthand is forbidden. Please add braces to the arrow function  [2m@typescript-eslint/no-confusing-void-expression[22m[0m
[0m  [2m50:18[22m  [31merror[39m  Need to wrap this literal in a JSX expression                                                                       [2mreact/jsx-curly-brace-presence[22m[0m
[0m  [2m66:15[22m  [31merror[39m  Callbacks must be listed after all other props                                                                      [2mreact/jsx-sort-props[22m[0m
[0m  [2m66:36[22m  [31merror[39m  Returning a void expression from an arrow function shorthand is forbidden. Please add braces to the arrow function  [2m@typescript-eslint/no-confusing-void-expression[22m[0m
[0m  [2m68:20[22m  [31merror[39m  Need to wrap this literal in a JSX expression                                                                       [2mreact/jsx-curly-brace-presence[22m[0m
[0m  [2m75:20[22m  [31merror[39m  Need to wrap this literal in a JSX expression                                                                       [2mreact/jsx-curly-brace-presence[22m[0m
[0m[0m
[0m[4m/Users/bmahmoud/Sync/projects/contribution/hash/blocks/embed/src/components/resize-block.tsx[24m[0m
[0m    [2m1:1[22m   [31merror[39m  Run autofix to sort these imports!                                                                                  [2msimple-import-sort/imports[22m[0m
[0m    [2m2:63[22m  [31merror[39m  '/Users/bmahmoud/Sync/projects/contribution/hash/node_modules/@types/react/index.d.ts' imported multiple times      [2mimport/no-duplicates[22m[0m
[0m    [2m3:63[22m  [31merror[39m  '/Users/bmahmoud/Sync/projects/contribution/hash/node_modules/@types/react/index.d.ts' imported multiple times      [2mimport/no-duplicates[22m[0m
[0m   [2m10:6[22m   [31merror[39m  Use an `interface` instead of a `type`                                                                              [2m@typescript-eslint/consistent-type-definitions[22m[0m
[0m   [2m34:15[22m  [31merror[39m  Define a constant instead of duplicating this literal 3 times                                                       [2msonarjs/no-duplicate-string[22m[0m
[0m   [2m38:15[22m  [31merror[39m  Define a constant instead of duplicating this literal 3 times                                                       [2msonarjs/no-duplicate-string[22m[0m
[0m   [2m44:1[22m   [31merror[39m  Sentences should start with an uppercase character                                                                  [2mjsdoc/require-description-complete-sentence[22m[0m
[0m   [2m44:1[22m   [31merror[39m  Sentences must end with a period                                                                                    [2mjsdoc/require-description-complete-sentence[22m[0m
[0m   [2m44:4[22m   [31merror[39m  tsdoc-undefined-tag: The TSDoc tag "@todo" is not defined in this configuration                                     [2mtsdoc/syntax[22m[0m
[0m   [2m45:1[22m   [31merror[39m  There must be no indentation                                                                                        [2mjsdoc/check-indentation[22m[0m
[0m   [2m72:28[22m  [31merror[39m  Expected { after 'if' condition                                                                                     [2mcurly[22m[0m
[0m   [2m96:26[22m  [31merror[39m  Expected { after 'if' condition                                                                                     [2mcurly[22m[0m
[0m  [2m106:5[22m   [31merror[39m  The variable `_evt` should be named `_event`. A more descriptive name will do too                                   [2municorn/prevent-abbreviations[22m[0m
[0m  [2m109:38[22m  [31merror[39m  Expected { after 'if' condition                                                                                     [2mcurly[22m[0m
[0m  [2m112:5[22m   [31merror[39m  Expected a function expression                                                                                      [2mfunc-style[22m[0m
[0m  [2m112:26[22m  [31merror[39m  The variable `mouseMoveEvt` should be named `mouseMoveEvent`. A more descriptive name will do too                   [2municorn/prevent-abbreviations[22m[0m
[0m  [2m113:28[22m  [31merror[39m  Expected { after 'if' condition                                                                                     [2mcurly[22m[0m
[0m  [2m114:40[22m  [31merror[39m  Expected { after 'if' condition                                                                                     [2mcurly[22m[0m
[0m  [2m116:7[22m   [31merror[39m  Sentences should start with an uppercase character                                                                  [2mjsdoc/require-description-complete-sentence[22m[0m
[0m  [2m116:7[22m   [31merror[39m  Sentences must end with a period                                                                                    [2mjsdoc/require-description-complete-sentence[22m[0m
[0m  [2m124:7[22m   [31merror[39m  Expected blank line before this statement                                                                           [2m@stylistic/padding-line-between-statements[22m[0m
[0m  [2m127:9[22m   [31merror[39m  Missing braces in case clause                                                                                       [2municorn/switch-case-braces[22m[0m
[0m  [2m130:9[22m   [31merror[39m  Missing braces in case clause                                                                                       [2municorn/switch-case-braces[22m[0m
[0m  [2m133:9[22m   [31merror[39m  Missing braces in case clause                                                                                       [2municorn/switch-case-braces[22m[0m
[0m  [2m136:9[22m   [31merror[39m  Missing braces in case clause                                                                                       [2municorn/switch-case-braces[22m[0m
[0m  [2m140:9[22m   [31merror[39m  Missing braces in case clause                                                                                       [2municorn/switch-case-braces[22m[0m
[0m  [2m144:9[22m   [31merror[39m  Missing braces in case clause                                                                                       [2municorn/switch-case-braces[22m[0m
[0m  [2m177:5[22m   [31merror[39m  Expected a function expression                                                                                      [2mfunc-style[22m[0m
[0m  [2m178:40[22m  [31merror[39m  Expected { after 'if' condition                                                                                     [2mcurly[22m[0m
[0m  [2m184:30[22m  [31merror[39m  Expected { after 'if' condition                                                                                     [2mcurly[22m[0m
[0m  [2m220:20[22m  [31merror[39m  Need to wrap this literal in a JSX expression                                                                       [2mreact/jsx-curly-brace-presence[22m[0m
[0m  [2m222:29[22m  [31merror[39m  The variable `evt` should be named `event`. A more descriptive name will do too                                     [2municorn/prevent-abbreviations[22m[0m
[0m  [2m222:37[22m  [31merror[39m  Returning a void expression from an arrow function shorthand is forbidden. Please add braces to the arrow function  [2m@typescript-eslint/no-confusing-void-expression[22m[0m
[0m  [2m234:18[22m  [31merror[39m  Need to wrap this literal in a JSX expression                                                                       [2mreact/jsx-curly-brace-presence[22m[0m
[0m  [2m236:27[22m  [31merror[39m  The variable `evt` should be named `event`. A more descriptive name will do too                                     [2municorn/prevent-abbreviations[22m[0m
[0m  [2m236:35[22m  [31merror[39m  Returning a void expression from an arrow function shorthand is forbidden. Please add braces to the arrow function  [2m@typescript-eslint/no-confusing-void-expression[22m[0m
[0m[0m
[0m[4m/Users/bmahmoud/Sync/projects/contribution/hash/blocks/embed/src/constants.ts[24m[0m
[0m  [2m13:1[22m  [31merror[39m  Sentences should start with an uppercase character  [2mjsdoc/require-description-complete-sentence[22m[0m
[0m  [2m13:1[22m  [31merror[39m  Sentences must end with a period                    [2mjsdoc/require-description-complete-sentence[22m[0m
[0m  [2m18:1[22m  [31merror[39m  Sentences must end with a period                    [2mjsdoc/require-description-complete-sentence[22m[0m
[0m  [2m23:1[22m  [31merror[39m  Sentences should start with an uppercase character  [2mjsdoc/require-description-complete-sentence[22m[0m
[0m  [2m23:1[22m  [31merror[39m  Sentences must end with a period                    [2mjsdoc/require-description-complete-sentence[22m[0m
[0m  [2m28:1[22m  [31merror[39m  Sentences should start with an uppercase character  [2mjsdoc/require-description-complete-sentence[22m[0m
[0m  [2m28:1[22m  [31merror[39m  Sentences must end with a period                    [2mjsdoc/require-description-complete-sentence[22m[0m
[0m  [2m33:1[22m  [31merror[39m  Sentences should start with an uppercase character  [2mjsdoc/require-description-complete-sentence[22m[0m
[0m  [2m33:1[22m  [31merror[39m  Sentences must end with a period                    [2mjsdoc/require-description-complete-sentence[22m[0m
[0m  [2m38:1[22m  [31merror[39m  Sentences must end with a period                    [2mjsdoc/require-description-complete-sentence[22m[0m
[0m  [2m47:1[22m  [31merror[39m  Sentences must end with a period                    [2mjsdoc/require-description-complete-sentence[22m[0m
[0m[0m
[0m[4m/Users/bmahmoud/Sync/projects/contribution/hash/blocks/embed/src/dev.tsx[24m[0m
[0m    [2m5:1[22m   [31merror[39m  Run autofix to sort these imports!                                                                                  [2msimple-import-sort/imports[22m[0m
[0m    [2m6:40[22m  [31merror[39m  '/Users/bmahmoud/Sync/projects/contribution/hash/node_modules/@types/react/index.d.ts' imported multiple times      [2mimport/no-duplicates[22m[0m
[0m    [2m7:26[22m  [31merror[39m  '/Users/bmahmoud/Sync/projects/contribution/hash/node_modules/@types/react/index.d.ts' imported multiple times      [2mimport/no-duplicates[22m[0m
[0m   [2m11:1[22m   [31merror[39m  There should be at least one empty line between import groups                                                       [2mimport/order[22m[0m
[0m   [2m12:1[22m   [31merror[39m  There should be at least one empty line between import groups                                                       [2mimport/order[22m[0m
[0m   [2m13:1[22m   [31merror[39m  `./types` type import should occur before import of `./index`                                                       [2mimport/order[22m[0m
[0m   [2m15:23[22m  [31merror[39m  Prefer `.querySelector()` over `.getElementById()`                                                                  [2municorn/prefer-query-selector[22m[0m
[0m   [2m18:1[22m   [31merror[39m  Sentences must end with a period                                                                                    [2mjsdoc/require-description-complete-sentence[22m[0m
[0m   [2m21:3[22m   [31merror[39m  Move this optional parameter to a destructured parameter                                                            [2mfsecond/prefer-destructured-optionals[22m[0m
[0m   [2m22:3[22m   [31merror[39m  Move this optional parameter to a destructured parameter                                                            [2mfsecond/prefer-destructured-optionals[22m[0m
[0m   [2m42:3[22m   [31merror[39m  Unused eslint-disable directive (no problems were reported from '@typescript-eslint/no-unsafe-assignment')[0m
[0m   [2m63:43[22m  [31merror[39m  Forbidden non-null assertion                                                                                        [2m@typescript-eslint/no-non-null-assertion[22m[0m
[0m   [2m65:7[22m   [31merror[39m  Fast refresh only works when a file has exports. Move your component(s) to a separate file                          [2mreact-refresh/only-export-components[22m[0m
[0m   [2m75:11[22m  [31merror[39m  Returning a void expression from an arrow function shorthand is forbidden. Please add braces to the arrow function  [2m@typescript-eslint/no-confusing-void-expression[22m[0m
[0m   [2m88:21[22m  [31merror[39m  Need to wrap this literal in a JSX expression                                                                       [2mreact/jsx-curly-brace-presence[22m[0m
[0m   [2m89:20[22m  [31merror[39m  Need to wrap this literal in a JSX expression                                                                       [2mreact/jsx-curly-brace-presence[22m[0m
[0m   [2m90:24[22m  [31merror[39m  Need to wrap this literal in a JSX expression                                                                       [2mreact/jsx-curly-brace-presence[22m[0m
[0m   [2m93:36[22m  [31merror[39m  Forbidden non-null assertion                                                                                        [2m@typescript-eslint/no-non-null-assertion[22m[0m
[0m  [2m100:7[22m   [31merror[39m  Fast refresh only works when a file has exports. Move your component(s) to a separate file                          [2mreact-refresh/only-export-components[22m[0m
[0m  [2m104:12[22m  [31merror[39m  Forbidden non-null assertion                                                                                        [2m@typescript-eslint/no-non-null-assertion[22m[0m
[0m[0m
[0m[4m/Users/bmahmoud/Sync/projects/contribution/hash/blocks/embed/src/html-block.tsx[24m[0m
[0m   [2m1:1[22m   [31merror[39m  Run autofix to sort these imports!                                                                              [2msimple-import-sort/imports[22m[0m
[0m   [2m1:40[22m  [31merror[39m  '/Users/bmahmoud/Sync/projects/contribution/hash/node_modules/@types/react/index.d.ts' imported multiple times  [2mimport/no-duplicates[22m[0m
[0m   [2m2:35[22m  [31merror[39m  '/Users/bmahmoud/Sync/projects/contribution/hash/node_modules/@types/react/index.d.ts' imported multiple times  [2mimport/no-duplicates[22m[0m
[0m   [2m7:6[22m   [31merror[39m  Use an `interface` instead of a `type`                                                                          [2m@typescript-eslint/consistent-type-definitions[22m[0m
[0m  [2m25:11[22m  [31merror[39m  The variable `docFragment` should be named `documentFragment`. A more descriptive name will do too              [2municorn/prevent-abbreviations[22m[0m
[0m  [2m29:11[22m  [31merror[39m  The variable `el` should be named `element`. A more descriptive name will do too                                [2municorn/prevent-abbreviations[22m[0m
[0m  [2m30:5[22m   [31merror[39m  Expected blank line before this statement                                                                       [2m@stylistic/padding-line-between-statements[22m[0m
[0m  [2m45:9[22m   [31merror[39m  Unexpected negated condition                                                                                    [2mno-negated-condition[22m[0m
[0m[0m
[0m[4m/Users/bmahmoud/Sync/projects/contribution/hash/blocks/embed/src/index.ts[24m[0m
[0m  [2m1:1[22m  [31merror[39m  Definition for rule 'canonical/filename-no-index' was not found  [2mcanonical/filename-no-index[22m[0m
[0m  [2m8:1[22m  [31merror[39m  Use `export…from` to re-export `default`                         [2municorn/prefer-export-from[22m[0m
[0m[0m
[0m[4m/Users/bmahmoud/Sync/projects/contribution/hash/blocks/embed/src/mock-data/mock-data.ts[24m[0m
[0m  [2m3:13[22m  [31merror[39m  Use an `interface` instead of a `type`  [2m@typescript-eslint/consistent-type-definitions[22m[0m
[0m[0m
[0m[4m/Users/bmahmoud/Sync/projects/contribution/hash/blocks/embed/src/svgs/corner-resize.tsx[24m[0m
[0m   [2m4:6[22m   [31merror[39m  Use an `interface` instead of a `type`         [2m@typescript-eslint/consistent-type-definitions[22m[0m
[0m  [2m13:15[22m  [31merror[39m  Need to wrap this literal in a JSX expression  [2mreact/jsx-curly-brace-presence[22m[0m
[0m  [2m14:14[22m  [31merror[39m  Need to wrap this literal in a JSX expression  [2mreact/jsx-curly-brace-presence[22m[0m
[0m  [2m15:21[22m  [31merror[39m  Need to wrap this literal in a JSX expression  [2mreact/jsx-curly-brace-presence[22m[0m
[0m  [2m21:18[22m  [31merror[39m  Need to wrap this literal in a JSX expression  [2mreact/jsx-curly-brace-presence[22m[0m
[0m  [2m22:11[22m  [31merror[39m  Need to wrap this literal in a JSX expression  [2mreact/jsx-curly-brace-presence[22m[0m
[0m[0m
[0m[4m/Users/bmahmoud/Sync/projects/contribution/hash/blocks/embed/src/svgs/cross.tsx[24m[0m
[0m   [2m8:12[22m  [31merror[39m  Need to wrap this literal in a JSX expression  [2mreact/jsx-curly-brace-presence[22m[0m
[0m   [2m9:13[22m  [31merror[39m  Need to wrap this literal in a JSX expression  [2mreact/jsx-curly-brace-presence[22m[0m
[0m  [2m10:15[22m  [31merror[39m  Need to wrap this literal in a JSX expression  [2mreact/jsx-curly-brace-presence[22m[0m
[0m  [2m13:15[22m  [31merror[39m  Need to wrap this literal in a JSX expression  [2mreact/jsx-curly-brace-presence[22m[0m
[0m[0m
[0m[4m/Users/bmahmoud/Sync/projects/contribution/hash/blocks/embed/src/svgs/loader.tsx[24m[0m
[0m   [2m8:13[22m  [31merror[39m  Need to wrap this literal in a JSX expression  [2mreact/jsx-curly-brace-presence[22m[0m
[0m   [2m9:12[22m  [31merror[39m  Need to wrap this literal in a JSX expression  [2mreact/jsx-curly-brace-presence[22m[0m
[0m  [2m10:15[22m  [31merror[39m  Need to wrap this literal in a JSX expression  [2mreact/jsx-curly-brace-presence[22m[0m
[0m  [2m14:12[22m  [31merror[39m  Need to wrap this literal in a JSX expression  [2mreact/jsx-curly-brace-presence[22m[0m
[0m  [2m15:12[22m  [31merror[39m  Need to wrap this literal in a JSX expression  [2mreact/jsx-curly-brace-presence[22m[0m
[0m  [2m16:11[22m  [31merror[39m  Need to wrap this literal in a JSX expression  [2mreact/jsx-curly-brace-presence[22m[0m
[0m  [2m17:16[22m  [31merror[39m  Need to wrap this literal in a JSX expression  [2mreact/jsx-curly-brace-presence[22m[0m
[0m  [2m18:21[22m  [31merror[39m  Need to wrap this literal in a JSX expression  [2mreact/jsx-curly-brace-presence[22m[0m
[0m  [2m22:14[22m  [31merror[39m  Need to wrap this literal in a JSX expression  [2mreact/jsx-curly-brace-presence[22m[0m
[0m  [2m23:11[22m  [31merror[39m  Need to wrap this literal in a JSX expression  [2mreact/jsx-curly-brace-presence[22m[0m
[0m[0m
[0m[4m/Users/bmahmoud/Sync/projects/contribution/hash/blocks/embed/src/svgs/pencil.tsx[24m[0m
[0m   [2m6:13[22m  [31merror[39m  Need to wrap this literal in a JSX expression  [2mreact/jsx-curly-brace-presence[22m[0m
[0m   [2m7:14[22m  [31merror[39m  Need to wrap this literal in a JSX expression  [2mreact/jsx-curly-brace-presence[22m[0m
[0m   [2m8:15[22m  [31merror[39m  Need to wrap this literal in a JSX expression  [2mreact/jsx-curly-brace-presence[22m[0m
[0m   [2m9:12[22m  [31merror[39m  Need to wrap this literal in a JSX expression  [2mreact/jsx-curly-brace-presence[22m[0m
[0m  [2m10:13[22m  [31merror[39m  Need to wrap this literal in a JSX expression  [2mreact/jsx-curly-brace-presence[22m[0m
[0m  [2m13:18[22m  [31merror[39m  Need to wrap this literal in a JSX expression  [2mreact/jsx-curly-brace-presence[22m[0m
[0m  [2m14:18[22m  [31merror[39m  Need to wrap this literal in a JSX expression  [2mreact/jsx-curly-brace-presence[22m[0m
[0m  [2m15:11[22m  [31merror[39m  Need to wrap this literal in a JSX expression  [2mreact/jsx-curly-brace-presence[22m[0m
[0m  [2m16:14[22m  [31merror[39m  Need to wrap this literal in a JSX expression  [2mreact/jsx-curly-brace-presence[22m[0m
[0m[0m
[0m[4m/Users/bmahmoud/Sync/projects/contribution/hash/blocks/embed/src/types.ts[24m[0m
[0m  [2m1:13[22m  [31merror[39m  Use an `interface` instead of a `type`  [2m@typescript-eslint/consistent-type-definitions[22m[0m
[0m[0m
[0m[4m/Users/bmahmoud/Sync/projects/contribution/hash/blocks/embed/src/utils.ts[24m[0m
[0m   [2m1:1[22m   [31merror[39m  Run autofix to sort these imports!                                                   [2msimple-import-sort/imports[22m[0m
[0m   [2m5:8[22m   [31merror[39m  Expected a function expression                                                       [2mfunc-style[22m[0m
[0m   [2m5:29[22m  [31merror[39m  Move this optional parameter to a destructured parameter                             [2mfsecond/prefer-destructured-optionals[22m[0m
[0m  [2m51:12[22m  [31merror[39m  The variable `prop` should be named `property`. A more descriptive name will do too  [2municorn/prevent-abbreviations[22m[0m
[0m  [2m66:3[22m   [31merror[39m  Type number trivially inferred from a number literal, remove type annotation         [2m@typescript-eslint/no-inferrable-types[22m[0m
[0m  [2m66:3[22m   [31merror[39m  Move this optional parameter to a destructured parameter                             [2mfsecond/prefer-destructured-optionals[22m[0m
[0m  [2m67:3[22m   [31merror[39m  Type number trivially inferred from a number literal, remove type annotation         [2m@typescript-eslint/no-inferrable-types[22m[0m
[0m  [2m67:3[22m   [31merror[39m  Move this optional parameter to a destructured parameter                             [2mfsecond/prefer-destructured-optionals[22m[0m
[0m  [2m67:22[22m  [31merror[39m  use `Number(Infinity)` instead                                                       [2mno-implicit-coercion[22m[0m
[0m[0m
[0m[31m[1m✖ 147 problems (147 errors, 0 warnings)[22m[39m[0m
[0m[31m[1m[22m[39m[31m[1m  124 errors and 0 warnings potentially fixable with the `--fix` option.[22m[39m[0m
[0m[31m[1m[22m[39m[0m
[2K[1G[31merror[39m Command failed with exit code 1.
[2K[1G[34minfo[39m Visit [1mhttps://yarnpkg.com/en/docs/cli/run[22m for documentation about this command.
