
/Users/bmahmoud/Sync/projects/contribution/hash/blocks/chart/src/types/generated/block-entity.ts
.turbo/turbo-build.log[2K[1G.turbo/turbo-codegen.log[2K[1G.turbo/turbo-fix:eslint.log[2K[1G.turbo/turbo-fix$colon$eslint.log[2K[1G.turbo/turbo-lint:eslint.log[2K[1G.turbo/turbo-lint:tsc.log[2K[1G.turbo/turbo-lint$colon$eslint.log[2K[1G.turbo/turbo-lint$colon$tsc.log[2K[1Gblock-schema.json[2K[1G[90mblock-schema.json[39m 24ms (unchanged)
eslint.config.js[2K[1G[90meslint.config.js[39m 9ms (unchanged)
LICENSE-APACHE.md[2K[1G[90mLICENSE-APACHE.md[39m 74ms (unchanged)
LICENSE-MIT.md[2K[1G[90mLICENSE-MIT.md[39m 2ms (unchanged)
LICENSE.md[2K[1G[90mLICENSE.md[39m 2ms (unchanged)
package.json[2K[1G[90mpackage.json[39m 3ms (unchanged)
public/block-preview.svg[2K[1Gpublic/chart-line-regular.svg[2K[1Gpublic/chart-network-regular.svg[2K[1GREADME.md[2K[1G[90mREADME.md[39m 1ms (unchanged)
src/app.tsx[2K[1G[90msrc/app.tsx[39m 82ms (unchanged)
src/bar-chart.tsx[2K[1G[90msrc/bar-chart.tsx[39m 24ms (unchanged)
src/dev.tsx[2K[1G[90msrc/dev.tsx[39m 12ms (unchanged)
src/edit-chart-definition.tsx[2K[1G[90msrc/edit-chart-definition.tsx[39m 23ms (unchanged)
src/edit-chart-definition/bar-chart-definition-form.tsx[2K[1G[90msrc/edit-chart-definition/bar-chart-definition-form.tsx[39m 17ms (unchanged)
src/edit-chart-definition/bar-graph-definition-form/count-linked-entities-form.tsx[2K[1G[90msrc/edit-chart-definition/bar-graph-definition-form/count-linked-entities-form.tsx[39m 45ms (unchanged)
src/edit-chart-definition/bar-graph-definition-form/group-by-property-form.tsx[2K[1G[90msrc/edit-chart-definition/bar-graph-definition-form/group-by-property-form.tsx[39m 9ms (unchanged)
src/edit-chart-definition/graph-chart-definition-form.tsx[2K[1G[90msrc/edit-chart-definition/graph-chart-definition-form.tsx[39m 4ms (unchanged)
src/edit-chart-definition/util.ts[2K[1G[90msrc/edit-chart-definition/util.ts[39m 4ms (unchanged)
src/edit-chart-title.tsx[2K[1G[90msrc/edit-chart-title.tsx[39m 12ms (unchanged)
src/index.ts[2K[1G[90msrc/index.ts[39m 1ms (unchanged)
src/types/chart-definition.ts[2K[1G[90msrc/types/chart-definition.ts[39m 2ms (unchanged)
src/types/generated/block-entity.ts[2K[1Gsrc/types/generated/block-entity.ts 4ms
theme-override.d.ts[2K[1G[90mtheme-override.d.ts[39m 2ms (unchanged)
tsconfig.json[2K[1G[90mtsconfig.json[39m 1ms (unchanged)
turbo.json[2K[1G[90mturbo.json[39m 2ms (unchanged)
variants.json[2K[1G[90mvariants.json[39m 1ms (unchanged)
