[2K[1G[1myarn run v1.22.22[22m
[2K[1G[2m$ eslint --report-unused-disable-directives .[22m
=============

WARNING: You are currently running a version of TypeScript which is not officially supported by @typescript-eslint/typescript-estree.

You may find that it works just fine, or you may not.

SUPPORTED TYPESCRIPT VERSIONS: >=4.7.4 <5.5.0

YOUR TYPESCRIPT VERSION: 5.5.3

Please only submit bug reports when using the officially supported version.

=============
[0m[0m
[0m[4m/Users/bmahmoud/Sync/projects/contribution/hash/blocks/paragraph/src/app.tsx[24m[0m
[0m   [2m1:1[22m   [31merror[39m  Run autofix to sort these imports!                                                                                                                             [2msimple-import-sort/imports[22m[0m
[0m   [2m1:37[22m  [31merror[39m  '/Users/bmahmoud/Sync/projects/contribution/hash/blocks/paragraph/node_modules/@blockprotocol/graph/dist/cjs/non-temporal/react.d.ts' imported multiple times  [2mimport/no-duplicates[22m[0m
[0m   [2m2:35[22m  [31merror[39m  '/Users/bmahmoud/Sync/projects/contribution/hash/blocks/paragraph/node_modules/@blockprotocol/graph/dist/cjs/non-temporal/react.d.ts' imported multiple times  [2mimport/no-duplicates[22m[0m
[0m  [2m25:7[22m   [31merror[39m  Expected blank line before this statement                                                                                                                      [2m@stylistic/padding-line-between-statements[22m[0m
[0m[0m
[0m[4m/Users/bmahmoud/Sync/projects/contribution/hash/blocks/paragraph/src/dev.tsx[24m[0m
[0m   [2m5:1[22m   [31merror[39m  Run autofix to sort these imports!                                                          [2msimple-import-sort/imports[22m[0m
[0m   [2m9:1[22m   [31merror[39m  There should be at least one empty line between import groups                               [2mimport/order[22m[0m
[0m  [2m10:1[22m   [31merror[39m  There should be at least one empty line between import groups                               [2mimport/order[22m[0m
[0m  [2m10:1[22m   [31merror[39m  `./index` import should occur after type import of `./types/generated/block-entity`         [2mimport/order[22m[0m
[0m  [2m14:23[22m  [31merror[39m  Prefer `.querySelector()` over `.getElementById()`                                          [2municorn/prefer-query-selector[22m[0m
[0m  [2m29:7[22m   [31merror[39m  Fast refresh only works when a file has exports. Move your component(s) to a separate file  [2mreact-refresh/only-export-components[22m[0m
[0m  [2m40:5[22m   [31merror[39m  Shorthand props must be listed before all other props                                       [2mreact/jsx-sort-props[22m[0m
[0m  [2m44:12[22m  [31merror[39m  Forbidden non-null assertion                                                                [2m@typescript-eslint/no-non-null-assertion[22m[0m
[0m[0m
[0m[4m/Users/bmahmoud/Sync/projects/contribution/hash/blocks/paragraph/src/index.ts[24m[0m
[0m  [2m1:1[22m  [31merror[39m  Definition for rule 'canonical/filename-no-index' was not found  [2mcanonical/filename-no-index[22m[0m
[0m  [2m8:1[22m  [31merror[39m  Use `export…from` to re-export `default`                         [2municorn/prefer-export-from[22m[0m
[0m[0m
[0m[4m/Users/bmahmoud/Sync/projects/contribution/hash/blocks/paragraph/src/types/generated/block-entity.ts[24m[0m
[0m   [2m5:1[22m   [31merror[39m  All imports in the declaration are only used as types. Use `import type`                                                                                                                                                                                                                                                                                                                                                                            [2m@typescript-eslint/consistent-type-imports[22m[0m
[0m  [2m13:1[22m   [31merror[39m  Sentences must end with a period                                                                                                                                                                                                                                                                                                                                                                                                                    [2mjsdoc/require-description-complete-sentence[22m[0m
[0m  [2m15:13[22m  [31merror[39m  Use an `interface` instead of a `type`                                                                                                                                                                                                                                                                                                                                                                                                              [2m@typescript-eslint/consistent-type-definitions[22m[0m
[0m  [2m15:30[22m  [31merror[39m  Don't use `{}` as a type. `{}` actually means "any non-nullish value".[0m
[0m- If you want a type meaning "any object", you probably want `object` instead.[0m
[0m- If you want a type meaning "any value", you probably want `unknown` instead.[0m
[0m- If you want a type meaning "empty object", you probably want `Record<string, never>` instead.[0m
[0m- If you really want a type meaning "any non-nullish value", you probably want `NonNullable<unknown>` instead  [2m@typescript-eslint/ban-types[22m[0m
[0m  [2m21:13[22m  [31merror[39m  Use an `interface` instead of a `type`                                                                                                                                                                                                                                                                                                                                                                                                              [2m@typescript-eslint/consistent-type-definitions[22m[0m
[0m  [2m21:61[22m  [31merror[39m  Don't use `{}` as a type. `{}` actually means "any non-nullish value".[0m
[0m- If you want a type meaning "any object", you probably want `object` instead.[0m
[0m- If you want a type meaning "any value", you probably want `unknown` instead.[0m
[0m- If you want a type meaning "empty object", you probably want `Record<string, never>` instead.[0m
[0m- If you really want a type meaning "any non-nullish value", you probably want `NonNullable<unknown>` instead  [2m@typescript-eslint/ban-types[22m[0m
[0m  [2m26:1[22m   [31merror[39m  Sentences must end with a period                                                                                                                                                                                                                                                                                                                                                                                                                    [2mjsdoc/require-description-complete-sentence[22m[0m
[0m  [2m26:35[22m  [31merror[39m  tsdoc-at-sign-in-word: The "@" character looks like part of a TSDoc tag; use a backslash to escape it                                                                                                                                                                                                                                                                                                                                               [2mtsdoc/syntax[22m[0m
[0m  [2m28:13[22m  [31merror[39m  Use an `interface` instead of a `type`                                                                                                                                                                                                                                                                                                                                                                                                              [2m@typescript-eslint/consistent-type-definitions[22m[0m
[0m  [2m33:1[22m   [31merror[39m  Sentences must end with a period                                                                                                                                                                                                                                                                                                                                                                                                                    [2mjsdoc/require-description-complete-sentence[22m[0m
[0m[0m
[0m[31m[1m✖ 24 problems (24 errors, 0 warnings)[22m[39m[0m
[0m[31m[1m[22m[39m[31m[1m  17 errors and 0 warnings potentially fixable with the `--fix` option.[22m[39m[0m
[0m[31m[1m[22m[39m[0m
[2K[1G[31merror[39m Command failed with exit code 1.
[2K[1G[34minfo[39m Visit [1mhttps://yarnpkg.com/en/docs/cli/run[22m for documentation about this command.
