[2K[1G[1myarn run v1.22.22[22m
[2K[1G[2m$ eslint --report-unused-disable-directives .[22m
=============

WARNING: You are currently running a version of TypeScript which is not officially supported by @typescript-eslint/typescript-estree.

You may find that it works just fine, or you may not.

SUPPORTED TYPESCRIPT VERSIONS: >=4.7.4 <5.5.0

YOUR TYPESCRIPT VERSION: 5.5.3

Please only submit bug reports when using the officially supported version.

=============
[0m[0m
[0m[4m/Users/bmahmoud/Sync/projects/contribution/hash/blocks/countdown/src/app.tsx[24m[0m
[0m    [2m1:1[22m   [31merror[39m  Run autofix to sort these imports!                                                                                                                             [2msimple-import-sort/imports[22m[0m
[0m    [2m5:37[22m  [31merror[39m  '/Users/bmahmoud/Sync/projects/contribution/hash/blocks/countdown/node_modules/@blockprotocol/graph/dist/cjs/non-temporal/react.d.ts' imported multiple times  [2mimport/no-duplicates[22m[0m
[0m    [2m9:8[22m   [31merror[39m  '/Users/bmahmoud/Sync/projects/contribution/hash/blocks/countdown/node_modules/@blockprotocol/graph/dist/cjs/non-temporal/react.d.ts' imported multiple times  [2mimport/no-duplicates[22m[0m
[0m   [2m36:5[22m   [31merror[39m  Unexpected negated condition                                                                                                                                   [2mno-negated-condition[22m[0m
[0m   [2m42:24[22m  [31merror[39m  Unexpected negated condition                                                                                                                                   [2mno-negated-condition[22m[0m
[0m   [2m50:25[22m  [31merror[39m  use `Boolean(displayTime)` instead                                                                                                                             [2mno-implicit-coercion[22m[0m
[0m   [2m54:6[22m   [31merror[39m  Move this optional parameter to a destructured parameter                                                                                                       [2mfsecond/prefer-destructured-optionals[22m[0m
[0m   [2m96:7[22m   [31merror[39m  Expected blank line before this statement                                                                                                                      [2m@stylistic/padding-line-between-statements[22m[0m
[0m  [2m111:35[22m  [31merror[39m  Need to wrap this literal in a JSX expression                                                                                                                  [2mreact/jsx-curly-brace-presence[22m[0m
[0m  [2m115:9[22m   [31merror[39m  Callbacks must be listed after all other props                                                                                                                 [2mreact/jsx-sort-props[22m[0m
[0m  [2m116:19[22m  [31merror[39m  use `Boolean(readonly)` instead                                                                                                                                [2mno-implicit-coercion[22m[0m
[0m  [2m118:58[22m  [31merror[39m  use `Boolean(localDisplayTime)` instead                                                                                                                        [2mno-implicit-coercion[22m[0m
[0m  [2m121:9[22m   [31merror[39m  Callbacks must be listed after all other props                                                                                                                 [2mreact/jsx-sort-props[22m[0m
[0m  [2m124:19[22m  [31merror[39m  use `Boolean(readonly)` instead                                                                                                                                [2mno-implicit-coercion[22m[0m
[0m[0m
[0m[4m/Users/bmahmoud/Sync/projects/contribution/hash/blocks/countdown/src/countdown-title.tsx[24m[0m
[0m   [2m1:53[22m  [31merror[39m  '/Users/bmahmoud/Sync/projects/contribution/hash/node_modules/@types/react/index.d.ts' imported multiple times  [2mimport/no-duplicates[22m[0m
[0m   [2m2:35[22m  [31merror[39m  '/Users/bmahmoud/Sync/projects/contribution/hash/node_modules/@types/react/index.d.ts' imported multiple times  [2mimport/no-duplicates[22m[0m
[0m   [2m4:6[22m   [31merror[39m  Use an `interface` instead of a `type`                                                                          [2m@typescript-eslint/consistent-type-definitions[22m[0m
[0m   [2m6:18[22m  [31merror[39m  The variable `val` should be named `value`. A more descriptive name will do too                                 [2municorn/prevent-abbreviations[22m[0m
[0m  [2m17:9[22m   [31merror[39m  The variable `textareaEl` should be named `textareaElement`. A more descriptive name will do too                [2municorn/prevent-abbreviations[22m[0m
[0m  [2m21:5[22m   [31merror[39m  Expected blank line before this statement                                                                       [2m@stylistic/padding-line-between-statements[22m[0m
[0m  [2m21:20[22m  [31merror[39m  Expected { after 'if' condition                                                                                 [2mcurly[22m[0m
[0m  [2m30:25[22m  [31merror[39m  The variable `evt` should be named `event`. A more descriptive name will do too                                 [2municorn/prevent-abbreviations[22m[0m
[0m  [2m31:30[22m  [31merror[39m  Expected { after 'if' condition                                                                                 [2mcurly[22m[0m
[0m  [2m37:20[22m  [31merror[39m  Need to wrap this literal in a JSX expression                                                                   [2mreact/jsx-curly-brace-presence[22m[0m
[0m  [2m40:19[22m  [31merror[39m  Need to wrap this literal in a JSX expression                                                                   [2mreact/jsx-curly-brace-presence[22m[0m
[0m  [2m42:21[22m  [31merror[39m  Need to wrap this literal in a JSX expression                                                                   [2mreact/jsx-curly-brace-presence[22m[0m
[0m  [2m56:28[22m  [31merror[39m  Need to wrap this literal in a JSX expression                                                                   [2mreact/jsx-curly-brace-presence[22m[0m
[0m  [2m56:43[22m  [31merror[39m  Callbacks must be listed after all other props                                                                  [2mreact/jsx-sort-props[22m[0m
[0m  [2m56:65[22m  [31merror[39m  Need to wrap this literal in a JSX expression                                                                   [2mreact/jsx-curly-brace-presence[22m[0m
[0m  [2m58:19[22m  [31merror[39m  Need to wrap this literal in a JSX expression                                                                   [2mreact/jsx-curly-brace-presence[22m[0m
[0m  [2m59:20[22m  [31merror[39m  Need to wrap this literal in a JSX expression                                                                   [2mreact/jsx-curly-brace-presence[22m[0m
[0m  [2m60:21[22m  [31merror[39m  Need to wrap this literal in a JSX expression                                                                   [2mreact/jsx-curly-brace-presence[22m[0m
[0m  [2m61:18[22m  [31merror[39m  Need to wrap this literal in a JSX expression                                                                   [2mreact/jsx-curly-brace-presence[22m[0m
[0m  [2m62:19[22m  [31merror[39m  Need to wrap this literal in a JSX expression                                                                   [2mreact/jsx-curly-brace-presence[22m[0m
[0m  [2m65:17[22m  [31merror[39m  Need to wrap this literal in a JSX expression                                                                   [2mreact/jsx-curly-brace-presence[22m[0m
[0m  [2m66:20[22m  [31merror[39m  Need to wrap this literal in a JSX expression                                                                   [2mreact/jsx-curly-brace-presence[22m[0m
[0m[0m
[0m[4m/Users/bmahmoud/Sync/projects/contribution/hash/blocks/countdown/src/date-picker-input.tsx[24m[0m
[0m    [2m5:8[22m   [31merror[39m  '/Users/bmahmoud/Sync/projects/contribution/hash/node_modules/@types/react/index.d.ts' imported multiple times             [2mimport/no-duplicates[22m[0m
[0m    [2m6:36[22m  [31merror[39m  '/Users/bmahmoud/Sync/projects/contribution/hash/node_modules/@types/react/index.d.ts' imported multiple times             [2mimport/no-duplicates[22m[0m
[0m    [2m7:43[22m  [31merror[39m  '/Users/bmahmoud/Sync/projects/contribution/hash/node_modules/@types/react-datepicker/index.d.ts' imported multiple times  [2mimport/no-duplicates[22m[0m
[0m    [2m8:24[22m  [31merror[39m  '/Users/bmahmoud/Sync/projects/contribution/hash/node_modules/@types/react-datepicker/index.d.ts' imported multiple times  [2mimport/no-duplicates[22m[0m
[0m   [2m15:13[22m  [31merror[39m  Need to wrap this literal in a JSX expression                                                                              [2mreact/jsx-curly-brace-presence[22m[0m
[0m   [2m16:14[22m  [31merror[39m  Need to wrap this literal in a JSX expression                                                                              [2mreact/jsx-curly-brace-presence[22m[0m
[0m   [2m17:15[22m  [31merror[39m  Need to wrap this literal in a JSX expression                                                                              [2mreact/jsx-curly-brace-presence[22m[0m
[0m   [2m18:12[22m  [31merror[39m  Need to wrap this literal in a JSX expression                                                                              [2mreact/jsx-curly-brace-presence[22m[0m
[0m   [2m19:13[22m  [31merror[39m  Need to wrap this literal in a JSX expression                                                                              [2mreact/jsx-curly-brace-presence[22m[0m
[0m   [2m22:18[22m  [31merror[39m  Need to wrap this literal in a JSX expression                                                                              [2mreact/jsx-curly-brace-presence[22m[0m
[0m   [2m24:13[22m  [31merror[39m  Need to wrap this literal in a JSX expression                                                                              [2mreact/jsx-curly-brace-presence[22m[0m
[0m   [2m25:16[22m  [31merror[39m  Need to wrap this literal in a JSX expression                                                                              [2mreact/jsx-curly-brace-presence[22m[0m
[0m   [2m32:21[22m  [31merror[39m  Component definition is missing display name                                                                               [2mreact/display-name[22m[0m
[0m   [2m35:31[22m  [31merror[39m  Move this optional parameter to a destructured parameter                                                                   [2mfsecond/prefer-destructured-optionals[22m[0m
[0m   [2m42:14[22m  [31merror[39m  Need to wrap this literal in a JSX expression                                                                              [2mreact/jsx-curly-brace-presence[22m[0m
[0m   [2m44:21[22m  [31merror[39m  Expected { after 'if' condition                                                                                            [2mcurly[22m[0m
[0m   [2m63:15[22m  [31merror[39m  The variable `val` should be named `value`. A more descriptive name will do too                                            [2municorn/prevent-abbreviations[22m[0m
[0m   [2m65:20[22m  [31merror[39m  The variable `val` should be named `value`. A more descriptive name will do too                                            [2municorn/prevent-abbreviations[22m[0m
[0m   [2m68:25[22m  [31merror[39m  Component definition is missing display name                                                                               [2mreact/display-name[22m[0m
[0m   [2m69:47[22m  [31merror[39m  Move this optional parameter to a destructured parameter                                                                   [2mfsecond/prefer-destructured-optionals[22m[0m
[0m   [2m73:21[22m  [31merror[39m  Need to wrap this literal in a JSX expression                                                                              [2mreact/jsx-curly-brace-presence[22m[0m
[0m   [2m74:16[22m  [31merror[39m  Need to wrap this literal in a JSX expression                                                                              [2mreact/jsx-curly-brace-presence[22m[0m
[0m   [2m75:26[22m  [31merror[39m  Returning a void expression from an arrow function shorthand is forbidden. Please add braces to the arrow function         [2m@typescript-eslint/no-confusing-void-expression[22m[0m
[0m   [2m86:16[22m  [31merror[39m  Need to wrap this literal in a JSX expression                                                                              [2mreact/jsx-curly-brace-presence[22m[0m
[0m   [2m87:21[22m  [31merror[39m  Need to wrap this literal in a JSX expression                                                                              [2mreact/jsx-curly-brace-presence[22m[0m
[0m   [2m88:23[22m  [31merror[39m  Need to wrap this literal in a JSX expression                                                                              [2mreact/jsx-curly-brace-presence[22m[0m
[0m   [2m89:16[22m  [31merror[39m  Need to wrap this literal in a JSX expression                                                                              [2mreact/jsx-curly-brace-presence[22m[0m
[0m   [2m90:11[22m  [31merror[39m  Shorthand props must be listed before all other props                                                                      [2mreact/jsx-sort-props[22m[0m
[0m   [2m92:22[22m  [31merror[39m  The variable `evt` should be named `event`. A more descriptive name will do too                                            [2municorn/prevent-abbreviations[22m[0m
[0m   [2m97:21[22m  [31merror[39m  Need to wrap this literal in a JSX expression                                                                              [2mreact/jsx-curly-brace-presence[22m[0m
[0m   [2m98:16[22m  [31merror[39m  Need to wrap this literal in a JSX expression                                                                              [2mreact/jsx-curly-brace-presence[22m[0m
[0m   [2m99:26[22m  [31merror[39m  Returning a void expression from an arrow function shorthand is forbidden. Please add braces to the arrow function         [2m@typescript-eslint/no-confusing-void-expression[22m[0m
[0m  [2m110:20[22m  [31merror[39m  The variable `val` should be named `value`. A more descriptive name will do too                                            [2municorn/prevent-abbreviations[22m[0m
[0m  [2m114:32[22m  [31merror[39m  Component definition is missing display name                                                                               [2mreact/display-name[22m[0m
[0m  [2m115:57[22m  [31merror[39m  Move this optional parameter to a destructured parameter                                                                   [2mfsecond/prefer-destructured-optionals[22m[0m
[0m  [2m120:27[22m  [31merror[39m  Need to wrap this literal in a JSX expression                                                                              [2mreact/jsx-curly-brace-presence[22m[0m
[0m  [2m132:11[22m  [31merror[39m  Shorthand props must be listed before all other props                                                                      [2mreact/jsx-sort-props[22m[0m
[0m[0m
[0m[4m/Users/bmahmoud/Sync/projects/contribution/hash/blocks/countdown/src/dev.tsx[24m[0m
[0m   [2m5:1[22m   [31merror[39m  Run autofix to sort these imports!                                                          [2msimple-import-sort/imports[22m[0m
[0m   [2m9:1[22m   [31merror[39m  There should be at least one empty line between import groups                               [2mimport/order[22m[0m
[0m  [2m10:1[22m   [31merror[39m  There should be at least one empty line between import groups                               [2mimport/order[22m[0m
[0m  [2m11:1[22m   [31merror[39m  `./types/generated/block-entity` type import should occur before import of `./index`        [2mimport/order[22m[0m
[0m  [2m13:23[22m  [31merror[39m  Prefer `.querySelector()` over `.getElementById()`                                          [2municorn/prefer-query-selector[22m[0m
[0m  [2m26:7[22m   [31merror[39m  Fast refresh only works when a file has exports. Move your component(s) to a separate file  [2mreact-refresh/only-export-components[22m[0m
[0m  [2m38:7[22m   [31merror[39m  Shorthand props must be listed before all other props                                       [2mreact/jsx-sort-props[22m[0m
[0m  [2m43:12[22m  [31merror[39m  Forbidden non-null assertion                                                                [2m@typescript-eslint/no-non-null-assertion[22m[0m
[0m[0m
[0m[4m/Users/bmahmoud/Sync/projects/contribution/hash/blocks/countdown/src/display.tsx[24m[0m
[0m   [2m1:31[22m  [31merror[39m  '/Users/bmahmoud/Sync/projects/contribution/hash/node_modules/date-fns/typings.d.ts' imported multiple times                    [2mimport/no-duplicates[22m[0m
[0m   [2m2:44[22m  [31merror[39m  '/Users/bmahmoud/Sync/projects/contribution/hash/node_modules/date-fns/typings.d.ts' imported multiple times                    [2mimport/no-duplicates[22m[0m
[0m   [2m3:40[22m  [31merror[39m  '/Users/bmahmoud/Sync/projects/contribution/hash/node_modules/@types/react/index.d.ts' imported multiple times                  [2mimport/no-duplicates[22m[0m
[0m   [2m4:37[22m  [31merror[39m  '/Users/bmahmoud/Sync/projects/contribution/hash/node_modules/@types/react/index.d.ts' imported multiple times                  [2mimport/no-duplicates[22m[0m
[0m   [2m6:6[22m   [31merror[39m  Use an `interface` instead of a `type`                                                                                          [2m@typescript-eslint/consistent-type-definitions[22m[0m
[0m  [2m19:14[22m  [31merror[39m  Fast refresh only works when a file only exports components. Use a new file to share constants or functions between components  [2mreact-refresh/only-export-components[22m[0m
[0m  [2m31:9[22m   [31merror[39m  useState call is not destructured into value + setter pair                                                                      [2mreact/hook-use-state[22m[0m
[0m  [2m34:24[22m  [31merror[39m  Returning a void expression from an arrow function shorthand is forbidden. Please add braces to the arrow function              [2m@typescript-eslint/no-confusing-void-expression[22m[0m
[0m  [2m41:18[22m  [31merror[39m  Returning a void expression from an arrow function shorthand is forbidden. Please add braces to the arrow function              [2m@typescript-eslint/no-confusing-void-expression[22m[0m
[0m  [2m51:67[22m  [31merror[39m  The variable `acc` should be named `accumulator`. A more descriptive name will do too                                           [2municorn/prevent-abbreviations[22m[0m
[0m  [2m51:72[22m  [31merror[39m  The variable `val` should be named `value`. A more descriptive name will do too                                                 [2municorn/prevent-abbreviations[22m[0m
[0m  [2m58:5[22m   [31merror[39m  Expected blank line before this statement                                                                                       [2m@stylistic/padding-line-between-statements[22m[0m
[0m  [2m67:20[22m  [31merror[39m  Need to wrap this literal in a JSX expression                                                                                   [2mreact/jsx-curly-brace-presence[22m[0m
[0m  [2m70:37[22m  [31merror[39m  Need to wrap this literal in a JSX expression                                                                                   [2mreact/jsx-curly-brace-presence[22m[0m
[0m[0m
[0m[4m/Users/bmahmoud/Sync/projects/contribution/hash/blocks/countdown/src/index.ts[24m[0m
[0m  [2m1:1[22m  [31merror[39m  Definition for rule 'canonical/filename-no-index' was not found  [2mcanonical/filename-no-index[22m[0m
[0m  [2m8:1[22m  [31merror[39m  Use `export…from` to re-export `default`                         [2municorn/prefer-export-from[22m[0m
[0m[0m
[0m[4m/Users/bmahmoud/Sync/projects/contribution/hash/blocks/countdown/src/types/generated/block-entity.ts[24m[0m
[0m   [2m5:1[22m   [31merror[39m  All imports in the declaration are only used as types. Use `import type`                                                                                                                                                                                                                                                                                                                                                                            [2m@typescript-eslint/consistent-type-imports[22m[0m
[0m  [2m13:1[22m   [31merror[39m  Sentences must end with a period                                                                                                                                                                                                                                                                                                                                                                                                                    [2mjsdoc/require-description-complete-sentence[22m[0m
[0m  [2m21:13[22m  [31merror[39m  Use an `interface` instead of a `type`                                                                                                                                                                                                                                                                                                                                                                                                              [2m@typescript-eslint/consistent-type-definitions[22m[0m
[0m  [2m21:61[22m  [31merror[39m  Don't use `{}` as a type. `{}` actually means "any non-nullish value".[0m
[0m- If you want a type meaning "any object", you probably want `object` instead.[0m
[0m- If you want a type meaning "any value", you probably want `unknown` instead.[0m
[0m- If you want a type meaning "empty object", you probably want `Record<string, never>` instead.[0m
[0m- If you really want a type meaning "any non-nullish value", you probably want `NonNullable<unknown>` instead  [2m@typescript-eslint/ban-types[22m[0m
[0m  [2m26:1[22m   [31merror[39m  Sentences must end with a period                                                                                                                                                                                                                                                                                                                                                                                                                    [2mjsdoc/require-description-complete-sentence[22m[0m
[0m  [2m26:35[22m  [31merror[39m  tsdoc-at-sign-in-word: The "@" character looks like part of a TSDoc tag; use a backslash to escape it                                                                                                                                                                                                                                                                                                                                               [2mtsdoc/syntax[22m[0m
[0m  [2m28:13[22m  [31merror[39m  Use an `interface` instead of a `type`                                                                                                                                                                                                                                                                                                                                                                                                              [2m@typescript-eslint/consistent-type-definitions[22m[0m
[0m  [2m37:1[22m   [31merror[39m  Sentences must end with a period                                                                                                                                                                                                                                                                                                                                                                                                                    [2mjsdoc/require-description-complete-sentence[22m[0m
[0m  [2m37:35[22m  [31merror[39m  tsdoc-at-sign-in-word: The "@" character looks like part of a TSDoc tag; use a backslash to escape it                                                                                                                                                                                                                                                                                                                                               [2mtsdoc/syntax[22m[0m
[0m  [2m44:1[22m   [31merror[39m  Sentences must end with a period                                                                                                                                                                                                                                                                                                                                                                                                                    [2mjsdoc/require-description-complete-sentence[22m[0m
[0m  [2m49:1[22m   [31merror[39m  Sentences must end with a period                                                                                                                                                                                                                                                                                                                                                                                                                    [2mjsdoc/require-description-complete-sentence[22m[0m
[0m[0m
[0m[31m[1m✖ 108 problems (108 errors, 0 warnings)[22m[39m[0m
[0m[31m[1m[22m[39m[31m[1m  85 errors and 0 warnings potentially fixable with the `--fix` option.[22m[39m[0m
[0m[31m[1m[22m[39m[0m
[2K[1G[31merror[39m Command failed with exit code 1.
[2K[1G[34minfo[39m Visit [1mhttps://yarnpkg.com/en/docs/cli/run[22m for documentation about this command.
