[2K[1G[1myarn run v1.22.22[22m
[2K[1G[2m$ eslint --report-unused-disable-directives .[22m
=============

WARNING: You are currently running a version of TypeScript which is not officially supported by @typescript-eslint/typescript-estree.

You may find that it works just fine, or you may not.

SUPPORTED TYPESCRIPT VERSIONS: >=4.7.4 <5.5.0

YOUR TYPESCRIPT VERSION: 5.5.3

Please only submit bug reports when using the officially supported version.

=============
[0m[0m
[0m[4m/Users/bmahmoud/Sync/projects/contribution/hash/blocks/minesweeper/mine-sweeper-tag.d.ts[24m[0m
[0m  [2m2:10[22m  [31merror[39m  Unallowed use of `class`. Use functions instead                                [2mfp/no-class[22m[0m
[0m  [2m2:16[22m  [31merror[39m  Class name `mine_sweeper` must match one of the following formats: PascalCase  [2m@typescript-eslint/naming-convention[22m[0m
[0m[0m
[0m[4m/Users/bmahmoud/Sync/projects/contribution/hash/blocks/minesweeper/src/app.ts[24m[0m
[0m   [2m1:1[22m  [31merror[39m  Run autofix to sort these imports!                                                    [2msimple-import-sort/imports[22m[0m
[0m   [2m4:1[22m  [31merror[39m  Unused eslint-disable directive (no problems were reported from 'import/extensions')[0m
[0m  [2m22:3[22m  [31merror[39m  Expected blank line before this statement                                             [2m@stylistic/padding-line-between-statements[22m[0m
[0m  [2m25:8[22m  [31merror[39m  Unallowed use of `class`. Use functions instead                                       [2mfp/no-class[22m[0m
[0m  [2m41:5[22m  [31merror[39m  Expected blank line before this statement                                             [2m@stylistic/padding-line-between-statements[22m[0m
[0m  [2m44:5[22m  [31merror[39m  Expected blank line before this statement                                             [2m@stylistic/padding-line-between-statements[22m[0m
[0m[0m
[0m[4m/Users/bmahmoud/Sync/projects/contribution/hash/blocks/minesweeper/src/dev.tsx[24m[0m
[0m   [2m1:1[22m   [31merror[39m  Run autofix to sort these imports!                                                          [2msimple-import-sort/imports[22m[0m
[0m   [2m5:1[22m   [31merror[39m  There should be at least one empty line between import groups                               [2mimport/order[22m[0m
[0m   [2m6:1[22m   [31merror[39m  There should be at least one empty line between import groups                               [2mimport/order[22m[0m
[0m   [2m7:1[22m   [31merror[39m  `./types/generated/block-entity` type import should occur before import of `./index`        [2mimport/order[22m[0m
[0m   [2m9:23[22m  [31merror[39m  Prefer `.querySelector()` over `.getElementById()`                                          [2municorn/prefer-query-selector[22m[0m
[0m  [2m28:1[22m   [31merror[39m  Sentences should start with an uppercase character                                          [2mjsdoc/require-description-complete-sentence[22m[0m
[0m  [2m30:1[22m   [31merror[39m  Sentences must end with a period                                                            [2mjsdoc/require-description-complete-sentence[22m[0m
[0m  [2m36:7[22m   [31merror[39m  Fast refresh only works when a file has exports. Move your component(s) to a separate file  [2mreact-refresh/only-export-components[22m[0m
[0m  [2m37:9[22m   [31merror[39m  Use object destructuring                                                                    [2mprefer-destructuring[22m[0m
[0m  [2m38:3[22m   [31merror[39m  Expected blank line before this statement                                                   [2m@stylistic/padding-line-between-statements[22m[0m
[0m  [2m46:7[22m   [31merror[39m  Multiline props must be listed after all other props                                        [2mreact/jsx-sort-props[22m[0m
[0m  [2m54:7[22m   [31merror[39m  Shorthand props must be listed before all other props                                       [2mreact/jsx-sort-props[22m[0m
[0m[0m
[0m[4m/Users/bmahmoud/Sync/projects/contribution/hash/blocks/minesweeper/src/index.ts[24m[0m
[0m  [2m4:1[22m  [31merror[39m  Definition for rule 'canonical/filename-no-index' was not found  [2mcanonical/filename-no-index[22m[0m
[0m  [2m7:1[22m  [31merror[39m  Use `export…from` to re-export `default`                         [2municorn/prefer-export-from[22m[0m
[0m[0m
[0m[4m/Users/bmahmoud/Sync/projects/contribution/hash/blocks/minesweeper/src/types/generated/block-entity.ts[24m[0m
[0m   [2m5:1[22m   [31merror[39m  All imports in the declaration are only used as types. Use `import type`                                                                                                                                                                                                                                                                                                                                                                            [2m@typescript-eslint/consistent-type-imports[22m[0m
[0m  [2m16:13[22m  [31merror[39m  Use an `interface` instead of a `type`                                                                                                                                                                                                                                                                                                                                                                                                              [2m@typescript-eslint/consistent-type-definitions[22m[0m
[0m  [2m16:63[22m  [31merror[39m  Don't use `{}` as a type. `{}` actually means "any non-nullish value".[0m
[0m- If you want a type meaning "any object", you probably want `object` instead.[0m
[0m- If you want a type meaning "any value", you probably want `unknown` instead.[0m
[0m- If you want a type meaning "empty object", you probably want `Record<string, never>` instead.[0m
[0m- If you really want a type meaning "any non-nullish value", you probably want `NonNullable<unknown>` instead  [2m@typescript-eslint/ban-types[22m[0m
[0m  [2m21:1[22m   [31merror[39m  Sentences must end with a period                                                                                                                                                                                                                                                                                                                                                                                                                    [2mjsdoc/require-description-complete-sentence[22m[0m
[0m  [2m21:35[22m  [31merror[39m  tsdoc-at-sign-in-word: The "@" character looks like part of a TSDoc tag; use a backslash to escape it                                                                                                                                                                                                                                                                                                                                               [2mtsdoc/syntax[22m[0m
[0m  [2m23:13[22m  [31merror[39m  Use an `interface` instead of a `type`                                                                                                                                                                                                                                                                                                                                                                                                              [2m@typescript-eslint/consistent-type-definitions[22m[0m
[0m  [2m29:1[22m   [31merror[39m  Sentences must end with a period                                                                                                                                                                                                                                                                                                                                                                                                                    [2mjsdoc/require-description-complete-sentence[22m[0m
[0m  [2m34:1[22m   [31merror[39m  Sentences must end with a period                                                                                                                                                                                                                                                                                                                                                                                                                    [2mjsdoc/require-description-complete-sentence[22m[0m
[0m  [2m39:1[22m   [31merror[39m  Sentences must end with a period                                                                                                                                                                                                                                                                                                                                                                                                                    [2mjsdoc/require-description-complete-sentence[22m[0m
[0m[0m
[0m[31m[1m✖ 31 problems (31 errors, 0 warnings)[22m[39m[0m
[0m[31m[1m[22m[39m[31m[1m  24 errors and 0 warnings potentially fixable with the `--fix` option.[22m[39m[0m
[0m[31m[1m[22m[39m[0m
[2K[1G[31merror[39m Command failed with exit code 1.
[2K[1G[34minfo[39m Visit [1mhttps://yarnpkg.com/en/docs/cli/run[22m for documentation about this command.
